#
# A fatal error has been detected by the Java Runtime Environment:
#
#  EXCEPTION_ACCESS_VIOLATION (0xc0000005) at pc=0x00007ffe086f4408, pid=13444, tid=0x0000000000003908
#
# JRE version: Java(TM) SE Runtime Environment (8.0_251-b08) (build 1.8.0_251-b08)
# Java VM: Java HotSpot(TM) 64-Bit Server VM (25.251-b08 mixed mode windows-amd64 compressed oops)
# Problematic frame:
# C  [ntdll.dll+0x4408]
#
# Failed to write core dump. Minidumps are not enabled by default on client versions of Windows
#
# If you would like to submit a bug report, please visit:
#   http://bugreport.java.com/bugreport/crash.jsp
# The crash happened outside the Java Virtual Machine in native code.
# See problematic frame for where to report the bug.
#

---------------  T H R E A D  ---------------

Current thread (0x0000000021f41000):  JavaThread "AWT-EventQueue-0" [_thread_in_native, id=14600, stack(0x0000000023b10000,0x0000000023c10000)]

siginfo: ExceptionCode=0xc0000005, reading address 0x0000000000000000

Registers:
RAX=0x0000000000000040, RBX=0x0000000000000000, RCX=0x0000000000000000, RDX=0x0000000000000011
RSP=0x0000000023c0a2f8, RBP=0x0000000000000190, RSI=0x000000000000001c, RDI=0x0000000024f6e5c0
R8 =0x000000000000001d, R9 =0x0000000000000000, R10=0x0000000000000000, R11=0xffffffffffffffff
R12=0x0000000000000040, R13=0x0000000000a04380, R14=0x0000000000905000, R15=0x0000000024f6e5a0
RIP=0x00007ffe086f4408, EFLAGS=0x0000000000010287

Top of Stack: (sp=0x0000000023c0a2f8)
0x0000000023c0a2f8:   00007ffe0871b86b 0000000000110011
0x0000000023c0a308:   000000000000001c 00000000248fa730
0x0000000023c0a318:   00000000239bc200 0000000023a53348
0x0000000023c0a328:   0000000023a03350 0000000000000000
0x0000000023c0a338:   0000000000a04380 0000000023c0b6c0
0x0000000023c0a348:   0000000000a00000 0000000000a00304
0x0000000023c0a358:   0000000023a313c8 0000000000000190
0x0000000023c0a368:   0000000000a00cc0 00000000239bd860
0x0000000023c0a378:   0000000000000000 0000000000000000
0x0000000023c0a388:   0000000000000190 0000000000000186
0x0000000023c0a398:   0000000000000002 0000000000aa0000
0x0000000023c0a3a8:   0000000023c0a469 0000000000000019
0x0000000023c0a3b8:   00007ffe0871b3c7 0000000000a00000
0x0000000023c0a3c8:   00007ffe00000000 0000000000000186
0x0000000023c0a3d8:   0000000000000000 0000000023c0a550
0x0000000023c0a3e8:   0000000023a034f0 0000000221f40100 

Instructions: (pc=0x00007ffe086f4408)
0x00007ffe086f43e8:   d2 48 8b f9 48 8b 49 08 48 83 fb 40 0f 83 1e 21
0x00007ffe086f43f8:   0a 00 41 8b c1 4c 8b d1 48 3b d8 73 03 44 8b cb
0x00007ffe086f4408:   49 8b 1a 45 0f af c1 41 c1 e8 07 41 83 f9 40 73
0x00007ffe086f4418:   21 41 8b c9 48 8b c3 48 f7 d0 41 bb 01 00 00 00 


Register to memory mapping:

RAX=0x0000000000000040 is an unknown value
RBX=0x0000000000000000 is an unknown value
RCX=0x0000000000000000 is an unknown value
RDX=0x0000000000000011 is an unknown value
RSP=0x0000000023c0a2f8 is pointing into the stack for thread: 0x0000000021f41000
RBP=0x0000000000000190 is an unknown value
RSI=0x000000000000001c is an unknown value
RDI=0x0000000024f6e5c0 is an unknown value
R8 =0x000000000000001d is an unknown value
R9 =0x0000000000000000 is an unknown value
R10=0x0000000000000000 is an unknown value
R11=0xffffffffffffffff is an unknown value
R12=0x0000000000000040 is an unknown value
R13=0x0000000000a04380 is an unknown value
R14=0x0000000000905000 is an unknown value
R15=0x0000000024f6e5a0 is an unknown value


Stack: [0x0000000023b10000,0x0000000023c10000],  sp=0x0000000023c0a2f8,  free space=1000k
Native frames: (J=compiled Java code, j=interpreted, Vv=VM code, C=native code)
C  [ntdll.dll+0x4408]
C  [ntdll.dll+0x2b86b]
C  [ntdll.dll+0x2b3c7]
C  [ntdll.dll+0x1b0c8]
C  [ntdll.dll+0x1af2d]
C  [KERNELBASE.dll+0x2d358]
C  [java.dll+0x98f3]
C  [java.dll+0x9dff]
C  0x00000000034eadd1

Java frames: (J=compiled Java code, j=interpreted, Vv=VM code)
J 847  java.io.WinNTFileSystem.getBooleanAttributes(Ljava/io/File;)I (0 bytes) @ 0x00000000034ead4f [0x00000000034ead00+0x4f]
j  java.io.File.exists()Z+29
j  sun.misc.URLClassPath$FileLoader.getResource(Ljava/lang/String;Z)Lsun/misc/Resource;+136
J 853 C1 sun.misc.URLClassPath.getResource(Ljava/lang/String;Z)Lsun/misc/Resource; (83 bytes) @ 0x00000000034f7c8c [0x00000000034f7b20+0x16c]
J 1015 C1 java.net.URLClassLoader$1.run()Ljava/lang/Class; (63 bytes) @ 0x000000000354f48c [0x000000000354f260+0x22c]
J 1014 C1 java.net.URLClassLoader$1.run()Ljava/lang/Object; (5 bytes) @ 0x000000000354fc8c [0x000000000354fc00+0x8c]
v  ~StubRoutines::call_stub
J 901  java.security.AccessController.doPrivileged(Ljava/security/PrivilegedExceptionAction;Ljava/security/AccessControlContext;)Ljava/lang/Object; (0 bytes) @ 0x0000000003509ca6 [0x0000000003509c40+0x66]
J 1012 C1 java.net.URLClassLoader.findClass(Ljava/lang/String;)Ljava/lang/Class; (47 bytes) @ 0x0000000003550194 [0x0000000003550000+0x194]
J 322 C1 java.lang.ClassLoader.loadClass(Ljava/lang/String;Z)Ljava/lang/Class; (122 bytes) @ 0x00000000033ce9f4 [0x00000000033ce080+0x974]
J 848 C1 sun.misc.Launcher$AppClassLoader.loadClass(Ljava/lang/String;Z)Ljava/lang/Class; (85 bytes) @ 0x00000000034f6b8c [0x00000000034f61c0+0x9cc]
J 634 C1 java.lang.ClassLoader.loadClass(Ljava/lang/String;)Ljava/lang/Class; (7 bytes) @ 0x000000000348254c [0x0000000003482440+0x10c]
v  ~StubRoutines::call_stub
j  me.giraffetree.jnafunc.test$Listen.actionPerformed(Ljava/awt/event/ActionEvent;)V+579
j  javax.swing.AbstractButton.fireActionPerformed(Ljava/awt/event/ActionEvent;)V+83
j  javax.swing.AbstractButton$Handler.actionPerformed(Ljava/awt/event/ActionEvent;)V+5
j  javax.swing.DefaultButtonModel.fireActionPerformed(Ljava/awt/event/ActionEvent;)V+34
j  javax.swing.DefaultButtonModel.setPressed(Z)V+117
j  javax.swing.plaf.basic.BasicButtonListener.mouseReleased(Ljava/awt/event/MouseEvent;)V+35
j  java.awt.Component.processMouseEvent(Ljava/awt/event/MouseEvent;)V+64
j  javax.swing.JComponent.processMouseEvent(Ljava/awt/event/MouseEvent;)V+23
j  java.awt.Component.processEvent(Ljava/awt/AWTEvent;)V+81
j  java.awt.Container.processEvent(Ljava/awt/AWTEvent;)V+18
j  java.awt.Component.dispatchEventImpl(Ljava/awt/AWTEvent;)V+589
j  java.awt.Container.dispatchEventImpl(Ljava/awt/AWTEvent;)V+42
j  java.awt.Component.dispatchEvent(Ljava/awt/AWTEvent;)V+2
j  java.awt.LightweightDispatcher.retargetMouseEvent(Ljava/awt/Component;ILjava/awt/event/MouseEvent;)V+349
j  java.awt.LightweightDispatcher.processMouseEvent(Ljava/awt/event/MouseEvent;)Z+155
j  java.awt.LightweightDispatcher.dispatchEvent(Ljava/awt/AWTEvent;)Z+50
j  java.awt.Container.dispatchEventImpl(Ljava/awt/AWTEvent;)V+12
j  java.awt.Window.dispatchEventImpl(Ljava/awt/AWTEvent;)V+19
j  java.awt.Component.dispatchEvent(Ljava/awt/AWTEvent;)V+2
j  java.awt.EventQueue.dispatchEventImpl(Ljava/awt/AWTEvent;Ljava/lang/Object;)V+41
J 1187 C1 java.awt.EventQueue$3.run()Ljava/lang/Void; (60 bytes) @ 0x00000000035d77dc [0x00000000035d75c0+0x21c]
J 1186 C1 java.awt.EventQueue$3.run()Ljava/lang/Object; (5 bytes) @ 0x00000000035df28c [0x00000000035df200+0x8c]
v  ~StubRoutines::call_stub
J 702  java.security.AccessController.doPrivileged(Ljava/security/PrivilegedAction;Ljava/security/AccessControlContext;)Ljava/lang/Object; (0 bytes) @ 0x00000000034a00e6 [0x00000000034a0080+0x66]
J 708 C1 java.security.ProtectionDomain$JavaSecurityAccessImpl.doIntersectionPrivilege(Ljava/security/PrivilegedAction;Ljava/security/AccessControlContext;Ljava/security/AccessControlContext;)Ljava/lang/Object; (22 bytes) @ 0x00000000034a257c [0x00000000034a2100+0x47c]
j  java.security.ProtectionDomain$JavaSecurityAccessImpl.doIntersectionPrivilege(Ljava/security/PrivilegedAction;Ljava/security/AccessControlContext;)Ljava/lang/Object;+6
j  java.awt.EventQueue$4.run()Ljava/lang/Void;+11
j  java.awt.EventQueue$4.run()Ljava/lang/Object;+1
v  ~StubRoutines::call_stub
J 702  java.security.AccessController.doPrivileged(Ljava/security/PrivilegedAction;Ljava/security/AccessControlContext;)Ljava/lang/Object; (0 bytes) @ 0x00000000034a00e6 [0x00000000034a0080+0x66]
J 1182 C1 java.awt.EventQueue.dispatchEvent(Ljava/awt/AWTEvent;)V (80 bytes) @ 0x00000000035e05bc [0x00000000035df700+0xebc]
J 1188 C1 java.awt.EventDispatchThread.pumpOneEventForFilters(I)V (190 bytes) @ 0x00000000035e62dc [0x00000000035e5180+0x115c]
j  java.awt.EventDispatchThread.pumpEventsForFilter(ILjava/awt/Conditional;Ljava/awt/EventFilter;)V+35
j  java.awt.EventDispatchThread.pumpEventsForHierarchy(ILjava/awt/Conditional;Ljava/awt/Component;)V+11
j  java.awt.EventDispatchThread.pumpEvents(ILjava/awt/Conditional;)V+4
j  java.awt.EventDispatchThread.pumpEvents(Ljava/awt/Conditional;)V+3
j  java.awt.EventDispatchThread.run()V+9
v  ~StubRoutines::call_stub

---------------  P R O C E S S  ---------------

Java Threads: ( => current thread )
  0x0000000022094000 JavaThread "TimerQueue" daemon [_thread_blocked, id=22900, stack(0x00000000290d0000,0x00000000291d0000)]
  0x0000000002f63800 JavaThread "DestroyJavaVM" [_thread_blocked, id=24292, stack(0x0000000002c60000,0x0000000002d60000)]
=>0x0000000021f41000 JavaThread "AWT-EventQueue-0" [_thread_in_native, id=14600, stack(0x0000000023b10000,0x0000000023c10000)]
  0x0000000021588800 JavaThread "Thread-2" daemon [_thread_in_native, id=15432, stack(0x0000000022eb0000,0x0000000022fb0000)]
  0x000000002188a000 JavaThread "EventQueueMonitor-ComponentEvtDispatch" daemon [_thread_blocked, id=2032, stack(0x0000000022db0000,0x0000000022eb0000)]
  0x0000000021367000 JavaThread "AWT-Windows" daemon [_thread_in_native, id=21968, stack(0x0000000021be0000,0x0000000021ce0000)]
  0x000000002135d000 JavaThread "AWT-Shutdown" [_thread_blocked, id=7756, stack(0x0000000021ae0000,0x0000000021be0000)]
  0x000000002135c800 JavaThread "Java2D Disposer" daemon [_thread_blocked, id=8756, stack(0x00000000219e0000,0x0000000021ae0000)]
  0x000000001e74e800 JavaThread "Service Thread" daemon [_thread_blocked, id=20976, stack(0x0000000020ef0000,0x0000000020ff0000)]
  0x000000001e6d0000 JavaThread "C1 CompilerThread11" daemon [_thread_blocked, id=18192, stack(0x0000000020df0000,0x0000000020ef0000)]
  0x000000001e6d2800 JavaThread "C1 CompilerThread10" daemon [_thread_blocked, id=6464, stack(0x0000000020cf0000,0x0000000020df0000)]
  0x000000001e6cf800 JavaThread "C1 CompilerThread9" daemon [_thread_blocked, id=23072, stack(0x0000000020af0000,0x0000000020bf0000)]
  0x000000001e6ce800 JavaThread "C1 CompilerThread8" daemon [_thread_blocked, id=3700, stack(0x00000000209f0000,0x0000000020af0000)]
  0x000000001e6b0000 JavaThread "C2 CompilerThread7" daemon [_thread_blocked, id=22912, stack(0x00000000208f0000,0x00000000209f0000)]
  0x000000001e69c800 JavaThread "C2 CompilerThread6" daemon [_thread_blocked, id=10220, stack(0x00000000207f0000,0x00000000208f0000)]
  0x000000001e697800 JavaThread "C2 CompilerThread5" daemon [_thread_blocked, id=21344, stack(0x00000000206f0000,0x00000000207f0000)]
  0x000000001e67d800 JavaThread "C2 CompilerThread4" daemon [_thread_blocked, id=3836, stack(0x00000000205f0000,0x00000000206f0000)]
  0x000000001e67c800 JavaThread "C2 CompilerThread3" daemon [_thread_blocked, id=18604, stack(0x00000000204f0000,0x00000000205f0000)]
  0x000000001e687000 JavaThread "C2 CompilerThread2" daemon [_thread_blocked, id=19064, stack(0x00000000203f0000,0x00000000204f0000)]
  0x000000001e684000 JavaThread "C2 CompilerThread1" daemon [_thread_blocked, id=20788, stack(0x00000000202f0000,0x00000000203f0000)]
  0x000000001e67a000 JavaThread "C2 CompilerThread0" daemon [_thread_blocked, id=19444, stack(0x00000000201f0000,0x00000000202f0000)]
  0x000000001e677000 JavaThread "Monitor Ctrl-Break" daemon [_thread_in_native, id=1904, stack(0x00000000200f0000,0x00000000201f0000)]
  0x000000001e597000 JavaThread "Attach Listener" daemon [_thread_blocked, id=17772, stack(0x000000001fff0000,0x00000000200f0000)]
  0x000000001e5f0800 JavaThread "Signal Dispatcher" daemon [_thread_blocked, id=2968, stack(0x000000001fef0000,0x000000001fff0000)]
  0x000000001cb25800 JavaThread "Finalizer" daemon [_thread_blocked, id=22236, stack(0x000000001fdf0000,0x000000001fef0000)]
  0x000000001e576000 JavaThread "Reference Handler" daemon [_thread_blocked, id=14052, stack(0x000000001fcf0000,0x000000001fdf0000)]

Other Threads:
  0x000000001e554800 VMThread [stack: 0x000000001fbf0000,0x000000001fcf0000] [id=22620]
  0x000000001e753000 WatcherThread [stack: 0x0000000020ff0000,0x00000000210f0000] [id=6480]

VM state:not at safepoint (normal execution)

VM Mutex/Monitor currently owned by a thread: None

heap address: 0x00000006c9400000, size: 3948 MB, Compressed Oops mode: Zero based, Oop shift amount: 3
Narrow klass base: 0x0000000000000000, Narrow klass shift: 3
Compressed class space size: 1073741824 Address: 0x00000007c0000000

Heap:
 PSYoungGen      total 74240K, used 38478K [0x000000076dc00000, 0x0000000772e80000, 0x00000007c0000000)
  eden space 64000K, 60% used [0x000000076dc00000,0x0000000770193a40,0x0000000771a80000)
  from space 10240K, 0% used [0x0000000772480000,0x0000000772480000,0x0000000772e80000)
  to   space 10240K, 0% used [0x0000000771a80000,0x0000000771a80000,0x0000000772480000)
 ParOldGen       total 169472K, used 0K [0x00000006c9400000, 0x00000006d3980000, 0x000000076dc00000)
  object space 169472K, 0% used [0x00000006c9400000,0x00000006c9400000,0x00000006d3980000)
 Metaspace       used 14095K, capacity 14330K, committed 14464K, reserved 1062912K
  class space    used 1712K, capacity 1806K, committed 1920K, reserved 1048576K

Card table byte_map: [0x0000000012420000,0x0000000012be0000] byte_map_base: 0x000000000edd6000

Marking Bits: (ParMarkBitMap*) 0x0000000075deaf90
 Begin Bits: [0x0000000013e10000, 0x0000000017bc0000)
 End Bits:   [0x0000000017bc0000, 0x000000001b970000)

Polling page: 0x0000000000a90000

CodeCache: size=245760Kb used=5708Kb max_used=5708Kb free=240051Kb
 bounds [0x0000000003060000, 0x0000000003600000, 0x0000000012060000]
 total_blobs=1732 nmethods=1222 adapters=420
 compilation: enabled

Compilation events (10 events):
Event: 7.961 Thread 0x000000001e6ce800 1218       1       sun.awt.image.SunVolatileImage::getWidth (5 bytes)
Event: 7.961 Thread 0x000000001e6ce800 nmethod 1218 0x00000000035f1450 code [0x00000000035f15a0, 0x00000000035f16b0]
Event: 7.961 Thread 0x000000001e6ce800 1219       1       sun.awt.image.SunVolatileImage::getHeight (5 bytes)
Event: 7.961 Thread 0x000000001e6ce800 nmethod 1219 0x00000000035f1190 code [0x00000000035f12e0, 0x00000000035f13f0]
Event: 7.962 Thread 0x000000001e6d0000 1220       1       sun.util.locale.StringTokenIterator::isDone (5 bytes)
Event: 7.963 Thread 0x000000001e6d0000 nmethod 1220 0x00000000035f0ed0 code [0x00000000035f1020, 0x00000000035f1130]
Event: 7.963 Thread 0x000000001e6cf800 1221   !   3       sun.java2d.SunGraphics2D::validateCompClip (224 bytes)
Event: 7.964 Thread 0x000000001e6ce800 1222       3       sun.font.FontUtilities::isComplexCharCode (167 bytes)
Event: 7.964 Thread 0x000000001e6ce800 nmethod 1222 0x00000000035f2850 code [0x00000000035f29e0, 0x00000000035f3090]
Event: 7.964 Thread 0x000000001e6cf800 nmethod 1221 0x00000000035f5090 code [0x00000000035f53c0, 0x00000000035f7368]

GC Heap History (0 events):
No events

Deoptimization events (10 events):
Event: 1.746 Thread 0x0000000021f41000 Uncommon trap: reason=class_check action=maybe_recompile pc=0x00000000033df14c method=java.util.HashMap.getNode(ILjava/lang/Object;)Ljava/util/HashMap$Node; @ 126
Event: 1.746 Thread 0x0000000021f41000 Uncommon trap: reason=bimorphic action=maybe_recompile pc=0x00000000033df130 method=java.util.HashMap.getNode(ILjava/lang/Object;)Ljava/util/HashMap$Node; @ 59
Event: 1.746 Thread 0x0000000021f41000 Uncommon trap: reason=bimorphic action=maybe_recompile pc=0x00000000033df130 method=java.util.HashMap.getNode(ILjava/lang/Object;)Ljava/util/HashMap$Node; @ 59
Event: 1.746 Thread 0x0000000021f41000 Uncommon trap: reason=bimorphic action=maybe_recompile pc=0x00000000033df130 method=java.util.HashMap.getNode(ILjava/lang/Object;)Ljava/util/HashMap$Node; @ 59
Event: 1.778 Thread 0x0000000021f41000 Uncommon trap: reason=unstable_if action=reinterpret pc=0x00000000034b6b1c method=java.lang.String.indexOf([CII[CIII)I @ 3
Event: 1.780 Thread 0x0000000021f41000 Uncommon trap: reason=bimorphic action=maybe_recompile pc=0x00000000034b09fc method=java.util.HashMap.getNode(ILjava/lang/Object;)Ljava/util/HashMap$Node; @ 126
Event: 1.780 Thread 0x0000000021f41000 Uncommon trap: reason=bimorphic action=maybe_recompile pc=0x00000000034b09fc method=java.util.HashMap.getNode(ILjava/lang/Object;)Ljava/util/HashMap$Node; @ 126
Event: 1.956 Thread 0x0000000021f41000 Uncommon trap: reason=unstable_if action=reinterpret pc=0x00000000034d214c method=sun.nio.cs.UTF_8$Encoder.encode([CII[B)I @ 33
Event: 1.999 Thread 0x0000000021f41000 Uncommon trap: reason=unstable_if action=reinterpret pc=0x00000000034c0aa8 method=java.util.HashMap.getNode(ILjava/lang/Object;)Ljava/util/HashMap$Node; @ 62
Event: 2.701 Thread 0x0000000021f41000 Uncommon trap: reason=unstable_if action=reinterpret pc=0x000000000349d874 method=java.awt.Component.inside(II)Z @ 21

Classes redefined (0 events):
No events

Internal exceptions (10 events):
Event: 0.107 Thread 0x0000000002f63800 Exception <a 'java/security/PrivilegedActionException'> (0x000000076ddff1e8) thrown at [C:\jenkins\workspace\8-2-build-windows-amd64-cygwin\jdk8u251\737\hotspot\src\share\vm\prims\jvm.cpp, line 1502]
Event: 0.107 Thread 0x0000000002f63800 Exception <a 'java/security/PrivilegedActionException'> (0x000000076ddff3f8) thrown at [C:\jenkins\workspace\8-2-build-windows-amd64-cygwin\jdk8u251\737\hotspot\src\share\vm\prims\jvm.cpp, line 1502]
Event: 0.108 Thread 0x0000000002f63800 Exception <a 'java/security/PrivilegedActionException'> (0x000000076de03308) thrown at [C:\jenkins\workspace\8-2-build-windows-amd64-cygwin\jdk8u251\737\hotspot\src\share\vm\prims\jvm.cpp, line 1502]
Event: 0.108 Thread 0x0000000002f63800 Exception <a 'java/security/PrivilegedActionException'> (0x000000076de03518) thrown at [C:\jenkins\workspace\8-2-build-windows-amd64-cygwin\jdk8u251\737\hotspot\src\share\vm\prims\jvm.cpp, line 1502]
Event: 0.137 Thread 0x0000000002f63800 Exception <a 'java/lang/NoSuchFieldError': method resolution failed> (0x000000076e30a7d8) thrown at [C:\jenkins\workspace\8-2-build-windows-amd64-cygwin\jdk8u251\737\hotspot\src\share\vm\prims\methodHandles.cpp, line 1167]
Event: 0.139 Thread 0x0000000002f63800 Exception <a 'java/lang/NoSuchFieldError': method resolution failed> (0x000000076e318650) thrown at [C:\jenkins\workspace\8-2-build-windows-amd64-cygwin\jdk8u251\737\hotspot\src\share\vm\prims\methodHandles.cpp, line 1167]
Event: 0.157 Thread 0x0000000002f63800 Implicit null exception at 0x00000000033ab6a2 to 0x00000000033ab879
Event: 0.166 Thread 0x0000000002f63800 Exception <a 'java/io/FileNotFoundException'> (0x000000076e7006c8) thrown at [C:\jenkins\workspace\8-2-build-windows-amd64-cygwin\jdk8u251\737\hotspot\src\share\vm\prims\jni.cpp, line 710]
Event: 0.237 Thread 0x0000000002f63800 Implicit null exception at 0x00000000033e8ef6 to 0x00000000033e9349
Event: 0.244 Thread 0x0000000002f63800 Implicit null exception at 0x00000000033e4f53 to 0x00000000033e54b5

Events (10 events):
Event: 3.216 loading class java/util/concurrent/ConcurrentHashMap$BaseIterator done
Event: 3.216 loading class java/util/concurrent/ConcurrentHashMap$KeyIterator done
Event: 3.226 loading class javax/swing/plaf/basic/BasicGraphicsUtils
Event: 3.226 loading class javax/swing/plaf/basic/BasicGraphicsUtils done
Event: 4.135 Executing VM operation: EnableBiasedLocking
Event: 4.136 Executing VM operation: EnableBiasedLocking done
Event: 7.961 loading class javax/swing/JInternalFrame
Event: 7.961 loading class javax/swing/JInternalFrame done
Event: 8.085 loading class me/giraffetree/jnafunc/InterfaceForUSB$startView
Event: 8.085 loading class me/giraffetree/jnafunc/InterfaceForUSB$startView done


Dynamic libraries:
0x00007ff766d60000 - 0x00007ff766d97000 	C:\Program Files\Java\jdk1.8.0_251\bin\java.exe
0x00007ffe086f0000 - 0x00007ffe088e5000 	C:\Windows\SYSTEM32\ntdll.dll
0x00007ffe080a0000 - 0x00007ffe0815e000 	C:\Windows\System32\KERNEL32.DLL
0x00007ffe062f0000 - 0x00007ffe065b9000 	C:\Windows\System32\KERNELBASE.dll
0x00007ffe071a0000 - 0x00007ffe0724c000 	C:\Windows\System32\ADVAPI32.dll
0x00007ffe07490000 - 0x00007ffe0752e000 	C:\Windows\System32\msvcrt.dll
0x00007ffe07380000 - 0x00007ffe0741b000 	C:\Windows\System32\sechost.dll
0x00007ffe07250000 - 0x00007ffe0737a000 	C:\Windows\System32\RPCRT4.dll
0x00007ffe06860000 - 0x00007ffe06a01000 	C:\Windows\System32\USER32.dll
0x00007ffe05e10000 - 0x00007ffe05e32000 	C:\Windows\System32\win32u.dll
0x00007ffe08620000 - 0x00007ffe0864b000 	C:\Windows\System32\GDI32.dll
0x00007ffe05ff0000 - 0x00007ffe060fb000 	C:\Windows\System32\gdi32full.dll
0x00007ffe06650000 - 0x00007ffe066ed000 	C:\Windows\System32\msvcp_win.dll
0x00007ffe05e40000 - 0x00007ffe05f40000 	C:\Windows\System32\ucrtbase.dll
0x00007ffdf5680000 - 0x00007ffdf591a000 	C:\Windows\WinSxS\amd64_microsoft.windows.common-controls_6595b64144ccf1df_6.0.19041.1110_none_60b5254171f9507e\COMCTL32.dll
0x00007ffe08160000 - 0x00007ffe08190000 	C:\Windows\System32\IMM32.DLL
0x0000000075e70000 - 0x0000000075f42000 	C:\Program Files\Java\jdk1.8.0_251\jre\bin\msvcr100.dll
0x00000000755c0000 - 0x0000000075e6b000 	C:\Program Files\Java\jdk1.8.0_251\jre\bin\server\jvm.dll
0x00007ffe07610000 - 0x00007ffe07618000 	C:\Windows\System32\PSAPI.DLL
0x00007ffdfbbe0000 - 0x00007ffdfbc07000 	C:\Windows\SYSTEM32\WINMM.dll
0x00007ffe02ff0000 - 0x00007ffe02ff9000 	C:\Windows\SYSTEM32\WSOCK32.dll
0x00007ffdfcd30000 - 0x00007ffdfcd3a000 	C:\Windows\SYSTEM32\VERSION.dll
0x00007ffe07420000 - 0x00007ffe0748b000 	C:\Windows\System32\WS2_32.dll
0x00007ffdf5370000 - 0x00007ffdf537f000 	C:\Program Files\Java\jdk1.8.0_251\jre\bin\verify.dll
0x00007ffdf2d00000 - 0x00007ffdf2d29000 	C:\Program Files\Java\jdk1.8.0_251\jre\bin\java.dll
0x00007ffde4f30000 - 0x00007ffde4f53000 	C:\Program Files\Java\jdk1.8.0_251\jre\bin\instrument.dll
0x00007ffdf2c60000 - 0x00007ffdf2c76000 	C:\Program Files\Java\jdk1.8.0_251\jre\bin\zip.dll
0x00007ffe07850000 - 0x00007ffe07f8f000 	C:\Windows\System32\SHELL32.dll
0x00007ffe03cd0000 - 0x00007ffe04460000 	C:\Windows\SYSTEM32\windows.storage.dll
0x00007ffe08190000 - 0x00007ffe084e5000 	C:\Windows\System32\combase.dll
0x00007ffe057f0000 - 0x00007ffe0581c000 	C:\Windows\SYSTEM32\Wldp.dll
0x00007ffe070f0000 - 0x00007ffe0719e000 	C:\Windows\System32\SHCORE.dll
0x00007ffe06f70000 - 0x00007ffe06fc5000 	C:\Windows\System32\shlwapi.dll
0x00007ffe05d50000 - 0x00007ffe05d6f000 	C:\Windows\SYSTEM32\profapi.dll
0x00007ffde4f10000 - 0x00007ffde4f2a000 	D:\Program Files\IntelliJ IDEA 2018.3.6\bin\breakgen64.dll
0x00007ffde5b30000 - 0x00007ffde5b4a000 	C:\Program Files\Java\jdk1.8.0_251\jre\bin\net.dll
0x00007ffe05550000 - 0x00007ffe055ba000 	C:\Windows\system32\mswsock.dll
0x00007ffde2020000 - 0x00007ffde21ba000 	C:\Program Files\Java\jdk1.8.0_251\jre\bin\awt.dll
0x00007ffe06e90000 - 0x00007ffe06f5d000 	C:\Windows\System32\OLEAUT32.dll
0x00007ffe03010000 - 0x00007ffe030a0000 	C:\Windows\SYSTEM32\apphelp.dll
0x00007ffe03500000 - 0x00007ffe0352f000 	C:\Windows\system32\DWMAPI.DLL
0x00007ffe03340000 - 0x00007ffe033de000 	C:\Windows\system32\uxtheme.dll
0x00007ffe06740000 - 0x00007ffe06855000 	C:\Windows\System32\MSCTF.dll
0x00007ffe084f0000 - 0x00007ffe0861a000 	C:\Windows\System32\ole32.dll
0x00007ffe046e0000 - 0x00007ffe046f2000 	C:\Windows\SYSTEM32\kernel.appcore.dll
0x00007ffe065c0000 - 0x00007ffe06643000 	C:\Windows\System32\bcryptPrimitives.dll
0x00007ffde4ee0000 - 0x00007ffde4f07000 	C:\Program Files\Java\jdk1.8.0_251\jre\bin\JavaAccessBridge-64.dll
0x00007ffdf4a30000 - 0x00007ffdf4a37000 	C:\Program Files\Java\jdk1.8.0_251\jre\bin\jawt.dll
0x00007ffdf2b90000 - 0x00007ffdf2b97000 	C:\Program Files\Java\jdk1.8.0_251\jre\bin\JAWTAccessBridge-64.dll
0x00007ffde21c0000 - 0x00007ffde22e5000 	C:\Windows\system32\opengl32.dll
0x00007ffdf2b30000 - 0x00007ffdf2b5c000 	C:\Windows\SYSTEM32\GLU32.dll
0x00007ffde4b80000 - 0x00007ffde4bc9000 	C:\Program Files\Java\jdk1.8.0_251\jre\bin\fontmanager.dll
0x00007ffde5b10000 - 0x00007ffde5b22000 	C:\Program Files\Java\jdk1.8.0_251\jre\bin\nio.dll
0x00007ffde2940000 - 0x00007ffde2982000 	C:\Program Files\Java\jdk1.8.0_251\jre\bin\t2k.dll
0x00007ffe07f90000 - 0x00007ffe08039000 	C:\Windows\System32\clbcatq.dll
0x00007ffdfdac0000 - 0x00007ffdfdc74000 	C:\Windows\SYSTEM32\WindowsCodecs.dll
0x00007ffe06100000 - 0x00007ffe06127000 	C:\Windows\System32\bcrypt.dll
0x00007ffde8910000 - 0x00007ffde894e000 	C:\Windows\system32\dataexchange.dll
0x00007ffe01c20000 - 0x00007ffe01e84000 	C:\Windows\system32\d3d11.dll
0x00007ffe02430000 - 0x00007ffe02616000 	C:\Windows\system32\dcomp.dll
0x00007ffe04700000 - 0x00007ffe047f4000 	C:\Windows\system32\dxgi.dll
0x00007ffdfdc80000 - 0x00007ffdfde81000 	C:\Windows\system32\twinapi.appcore.dll
0x00007ffded6e0000 - 0x00007ffded7d9000 	C:\Windows\SYSTEM32\textinputframework.dll
0x00007ffe029a0000 - 0x00007ffe02cfe000 	C:\Windows\System32\CoreUIComponents.dll
0x00007ffe02d00000 - 0x00007ffe02df2000 	C:\Windows\System32\CoreMessaging.dll
0x00007ffe01500000 - 0x00007ffe01654000 	C:\Windows\SYSTEM32\wintypes.dll
0x00007ffe04b00000 - 0x00007ffe04b33000 	C:\Windows\SYSTEM32\ntmarta.dll
0x00007ffdd2ae0000 - 0x00007ffdd2ccd000 	C:\Windows\system32\sogoutsf.ime
0x00007ffde3af0000 - 0x00007ffde3af7000 	C:\Windows\system32\MSIMG32.dll
0x00007ffdd2240000 - 0x00007ffdd2ad4000 	C:\Windows\system32\SogouPy.ime
0x00007ffdf8d90000 - 0x00007ffdf8e98000 	C:\Windows\SYSTEM32\WINHTTP.dll
0x00007ffde8f50000 - 0x00007ffde8fb6000 	C:\Windows\SYSTEM32\OLEACC.dll
0x0000000025960000 - 0x0000000025a7d000 	D:\Program Files (x86)\SogouInput\9.8.0.3746\Resource.dll
0x00007ffde51d0000 - 0x00007ffde543a000 	D:\Program Files (x86)\SogouInput\Components\PicFace\1.1.0.1879\PicFace64.dll
0x00007ffe07530000 - 0x00007ffe0760a000 	C:\Windows\System32\COMDLG32.dll
0x00007ffdedea0000 - 0x00007ffdedf4c000 	C:\Windows\SYSTEM32\TextShaping.dll
0x00007ffd97d00000 - 0x00007ffd9b452000 	D:\Working\20210923-Python-SDK\InterfaceForJava2021511\InterfaceForJava2021511\InterfaceForJava\20210423\jna-func-master\target\classes\win32-x86-64\opencv_java411.dll
0x00007ffdf7580000 - 0x00007ffdf773c000 	C:\Windows\SYSTEM32\MFPlat.DLL
0x00007ffdf53b0000 - 0x00007ffdf5434000 	C:\Windows\SYSTEM32\MF.dll
0x00007ffe066f0000 - 0x00007ffe0673e000 	C:\Windows\System32\cfgmgr32.dll
0x00007ffde2350000 - 0x00007ffde245a000 	C:\Windows\SYSTEM32\MFReadWrite.dll
0x00007ffda3e40000 - 0x00007ffda42d1000 	C:\Windows\SYSTEM32\MFCORE.DLL
0x00007ffe06190000 - 0x00007ffe062e6000 	C:\Windows\System32\CRYPT32.dll
0x00007ffe05bd0000 - 0x00007ffe05c1b000 	C:\Windows\SYSTEM32\powrprof.dll
0x00007ffdd7b80000 - 0x00007ffdd7b89000 	C:\Windows\SYSTEM32\ksuser.dll
0x00007ffe05740000 - 0x00007ffe0574c000 	C:\Windows\SYSTEM32\CRYPTBASE.DLL
0x00007ffdf7500000 - 0x00007ffdf7530000 	C:\Windows\SYSTEM32\RTWorkQ.DLL
0x00007ffe05b80000 - 0x00007ffe05b92000 	C:\Windows\SYSTEM32\UMPDC.dll
0x00007ffe05750000 - 0x00007ffe05768000 	C:\Windows\SYSTEM32\CRYPTSP.dll
0x00007ffe04e70000 - 0x00007ffe04ea4000 	C:\Windows\system32\rsaenh.dll
0x00007ffe05cd0000 - 0x00007ffe05cfe000 	C:\Windows\SYSTEM32\USERENV.dll
0x00007ffe051e0000 - 0x00007ffe0521b000 	C:\Windows\SYSTEM32\IPHLPAPI.DLL
0x00007ffe070e0000 - 0x00007ffe070e8000 	C:\Windows\System32\NSI.dll
0x00007ffdfd850000 - 0x00007ffdfd867000 	C:\Windows\SYSTEM32\dhcpcsvc6.DLL
0x00007ffdfe0f0000 - 0x00007ffdfe10d000 	C:\Windows\SYSTEM32\dhcpcsvc.DLL
0x00007ffe05220000 - 0x00007ffe052ec000 	C:\Windows\SYSTEM32\DNSAPI.dll
0x00007ffde2730000 - 0x00007ffde2772000 	C:\Users\Aiden\AppData\Local\Temp\jna-63256261\jna158222216888085314.dll
0x00007ffde4b60000 - 0x00007ffde4b75000 	C:\Program Files\Java\jdk1.8.0_251\bin\USBSDK.dll
0x00007ffdd75a0000 - 0x00007ffdd7639000 	C:\Windows\SYSTEM32\MSVCP140.dll
0x00007ffdf30f0000 - 0x00007ffdf3107000 	C:\Windows\SYSTEM32\VCRUNTIME140.dll
0x00007ffde1c50000 - 0x00007ffde1e20000 	C:\Windows\System32\quartz.dll
0x00007ffde2310000 - 0x00007ffde2346000 	C:\Windows\System32\qcap.dll
0x00007ffde22f0000 - 0x00007ffde230d000 	C:\Windows\System32\devenum.dll
0x00007ffe06a10000 - 0x00007ffe06e82000 	C:\Windows\System32\setupapi.dll
0x00007ffe05b40000 - 0x00007ffe05b74000 	C:\Windows\SYSTEM32\DEVOBJ.dll
0x00007ffe06130000 - 0x00007ffe06190000 	C:\Windows\System32\WINTRUST.dll
0x00007ffe05980000 - 0x00007ffe05992000 	C:\Windows\SYSTEM32\MSASN1.dll
0x00007ffe01460000 - 0x00007ffe0146b000 	C:\Windows\SYSTEM32\msdmo.dll
0x00007ffe04460000 - 0x00007ffe04644000 	C:\Windows\SYSTEM32\dbghelp.dll

VM Arguments:
jvm_args: -Djava.library.path=D:\Working\20210923-Python-SDK\InterfaceForJava2021511\InterfaceForJava2021511\InterfaceForJava\20210423\jna-func-master\src\main\resources\win32-x86-64 -javaagent:D:\Program Files\IntelliJ IDEA 2018.3.6\lib\idea_rt.jar=2332:D:\Program Files\IntelliJ IDEA 2018.3.6\bin -Dfile.encoding=UTF-8 
java_command: me.giraffetree.jnafunc.test
java_class_path (initial): C:\Program Files\Java\jdk1.8.0_251\jre\lib\charsets.jar;C:\Program Files\Java\jdk1.8.0_251\jre\lib\deploy.jar;C:\Program Files\Java\jdk1.8.0_251\jre\lib\ext\access-bridge-64.jar;C:\Program Files\Java\jdk1.8.0_251\jre\lib\ext\cldrdata.jar;C:\Program Files\Java\jdk1.8.0_251\jre\lib\ext\dnsns.jar;C:\Program Files\Java\jdk1.8.0_251\jre\lib\ext\jaccess.jar;C:\Program Files\Java\jdk1.8.0_251\jre\lib\ext\jfxrt.jar;C:\Program Files\Java\jdk1.8.0_251\jre\lib\ext\localedata.jar;C:\Program Files\Java\jdk1.8.0_251\jre\lib\ext\nashorn.jar;C:\Program Files\Java\jdk1.8.0_251\jre\lib\ext\sunec.jar;C:\Program Files\Java\jdk1.8.0_251\jre\lib\ext\sunjce_provider.jar;C:\Program Files\Java\jdk1.8.0_251\jre\lib\ext\sunmscapi.jar;C:\Program Files\Java\jdk1.8.0_251\jre\lib\ext\sunpkcs11.jar;C:\Program Files\Java\jdk1.8.0_251\jre\lib\ext\zipfs.jar;C:\Program Files\Java\jdk1.8.0_251\jre\lib\javaws.jar;C:\Program Files\Java\jdk1.8.0_251\jre\lib\jce.jar;C:\Program Files\Java\jdk1.8.0_251\jre\lib\jfr.jar;C:\Program Files\Java\jdk1.8.0_251\jre\lib\jfxswt.jar;C:\Program Files\Java\jdk1.8.0_251\jre\lib\jsse.jar;C:\Program Files\Java\jdk1.8.0_251\jre\lib\management-agent.jar;C:\Program Files\Java\jdk1.8.0_251\jre\lib\plugin.jar;C:\Program Files\Java\jdk1.8.0_251\jre\lib\resources.jar;C:\Program Files\Java\jdk1.8.0_251\jre\lib\rt.jar;D:\Working\20210923-Python-SDK\InterfaceForJava2021511\InterfaceForJava2021511\InterfaceForJava\20210423\jna-func-master\target\classes;D:\Working\20210923-Python-SDK\InterfaceForJava2021511\InterfaceForJava2021511\InterfaceForJava\20210423\jna-func-master\lib\opencv-411.jar;D:\Working\20210923-Python-SDK\InterfaceForJava2021511\InterfaceForJava2021511\InterfaceForJava\20210423\jna-func-master\lib\jna-1.0.jar;E:\IntelliJ IDEA 2019.3.5\apache-maven-3.6.3\maven-repository\net\java\dev\jna\jna\5.3.1\jna-5.3.1.jar;E:\IntelliJ IDEA 2019.3.5\apache-maven-3.6.3\maven-repository\org\projectlombok\lombok\1.18.8\lombok-1.18.8.jar;E:\IntelliJ IDEA 2019
Launcher Type: SUN_STANDARD

Environment Variables:
JAVA_HOME=C:\Program Files\Java\jdk1.8.0_251
PATH=D:\Chrome Download\jdk-11.0.1_windows-x64_bin\jdk-11.0.1\bin;C:\Program Files (x86)\Common Files\Oracle\Java\javapath;C:\Windows\system32;C:\Windows;C:\Windows\System32\Wbem;C:\Windows\System32\WindowsPowerShell\v1.0\;C:\Windows\System32\OpenSSH\;C:\Windows\system32\config\systemprofile\.dnx\bin;C:\Program Files\Microsoft DNX\Dnvm\;C:\Program Files\Microsoft SQL Server\130\Tools\Binn\;C:\Program Files\MySQL\MySQL Server 5.5\bin;D:\Program Files\NodeJs\;D:\Develop Tools\apache-tomcat-7.0.68-windows-x64\idea-apache-tomcat-7.0.68-8080\bin;D:\Program Files\Microsoft SQL Server\100\Tools\Binn\;D:\Program Files\Microsoft SQL Server Share\100\Tools\Binn\;D:\Program Files\Microsoft SQL Server Share\100\DTS\Binn\;D:\Program Files\Microsoft SQL Server\100\Tools\Binn\VSShell\Common7\IDE\;C:\Program Files (x86)\Microsoft Visual Studio 9.0\Common7\IDE\PrivateAssemblies\;D:\Program Files\Microsoft SQL Server\100\DTS\Binn\;C:\Program Files (x86)\Windows Kits\8.1\Windows Performance Toolkit\;C:\Program Files (x86)\Common Files\Pleora\eBUS SDK;C:\Program Files\Common Files\Pleora\eBUS SDK;D:\Program Files\python;D:\Program Files\python\Scripts;D:\Program Files\apache-maven-3.6.0\bin;D:\工作资料\opencv\build\x64\vc14\bin;C:\;trawberry\c\bin;C:\Strawberry\perl\site\bin;C:\Strawberry\perl\bin;D:\Program Files (x86)\SVN\bin;D:\Android\Sdk\platform-tools;D:\Program Files\Git\cmd;C:\Program Files\TortoiseGit\bin;C:\Users\Aiden\AppData\Local\Microsoft\WindowsApps;D:\Program Files\Microsoft VS Code\bin;C:\Users\Aiden\AppData\Roaming\npm;C:\Program Files\Java\jdk1.8.0_251\bin;
USERNAME=Aiden
OS=Windows_NT
PROCESSOR_IDENTIFIER=AMD64 Family 23 Model 96 Stepping 1, AuthenticAMD



---------------  S Y S T E M  ---------------

OS: Windows 10.0 , 64 bit Build 19041 (10.0.19041.1202)

CPU:total 16 (initial active 16) (16 cores per cpu, 1 threads per core) family 23 model 96 stepping 1, cmov, cx8, fxsr, mmx, sse, sse2, sse3, ssse3, sse4.1, sse4.2, popcnt, avx, avx2, aes, clmul, mmxext, 3dnowpref, lzcnt, sse4a, tsc, tscinvbit, tscinv, bmi1

Memory: 4k page, physical 16169632k(7663568k free), swap 21936800k(8892548k free)

vm_info: Java HotSpot(TM) 64-Bit Server VM (25.251-b08) for windows-amd64 JRE (1.8.0_251-b08), built on Mar 12 2020 06:31:49 by "" with MS VC++ 10.0 (VS2010)

time: Fri Oct 15 16:04:56 2021
timezone: 中国标准时间
elapsed time: 8 seconds (0d 0h 0m 8s)

